# JRE version: Java(TM) SE Runtime Environment (8.0_66-b18) (build 1.8.0_66-b18)
# Java VM: Java HotSpot(TM) 64-Bit Server VM (25.66-b18 mixed mode windows-amd64 compressed oops)
Heap:
 PSYoungGen      total 49152K, used 25726K [0x00000007bc400000, 0x00000007c0000000, 0x00000007c0000000)
  eden space 36864K, 57% used [0x00000007bc400000,0x00000007bd889a38,0x00000007be800000)
  from space 12288K, 38% used [0x00000007bf400000,0x00000007bf895e58,0x00000007c0000000)
  to   space 12288K, 0% used [0x00000007be800000,0x00000007be800000,0x00000007bf400000)
 ParOldGen       total 264704K, used 105091K [0x0000000700000000, 0x0000000710280000, 0x00000007bc400000)
  object space 264704K, 39% used [0x0000000700000000,0x00000007066a0ef0,0x0000000710280000)
 Metaspace       used 69977K, capacity 70432K, committed 71128K, reserved 1110016K
  class space    used 9589K, capacity 9708K, committed 9728K, reserved 1048576K
GC Heap History (10 events):
Event: 15118.901 GC heap before
{Heap before GC invocations=1225 (full 238):
 PSYoungGen      total 50176K, used 26259K [0x00000007bc400000, 0x00000007c0000000, 0x00000007c0000000)
  eden space 38912K, 45% used [0x00000007bc400000,0x00000007bd5598f8,0x00000007bea00000)
  from space 11264K, 75% used [0x00000007bf500000,0x00000007bfd4b4a0,0x00000007c0000000)
  to   space 11264K, 0% used [0x00000007bea00000,0x00000007bea00000,0x00000007bf500000)
 ParOldGen       total 264704K, used 101749K [0x0000000700000000, 0x0000000710280000, 0x00000007bc400000)
  object space 264704K, 38% used [0x0000000700000000,0x000000070635d510,0x0000000710280000)
 Metaspace       used 69895K, capacity 70272K, committed 70872K, reserved 1110016K
  class space    used 9557K, capacity 9676K, committed 9728K, reserved 1048576K
Event: 15118.913 GC heap after
Heap after GC invocations=1225 (full 238):
 PSYoungGen      total 49152K, used 10212K [0x00000007bc400000, 0x00000007c0000000, 0x00000007c0000000)
  eden space 38912K, 0% used [0x00000007bc400000,0x00000007bc400000,0x00000007bea00000)
  from space 10240K, 99% used [0x00000007bea00000,0x00000007bf3f91b0,0x00000007bf400000)
  to   space 12288K, 0% used [0x00000007bf400000,0x00000007bf400000,0x00000007c0000000)
 ParOldGen       total 264704K, used 101886K [0x0000000700000000, 0x0000000710280000, 0x00000007bc400000)
  object space 264704K, 38% used [0x0000000700000000,0x000000070637fa58,0x0000000710280000)
 Metaspace       used 69895K, capacity 70272K, committed 70872K, reserved 1110016K
  class space    used 9557K, capacity 9676K, committed 9728K, reserved 1048576K
}
Event: 15118.913 GC heap before
{Heap before GC invocations=1226 (full 239):
 PSYoungGen      total 49152K, used 10212K [0x00000007bc400000, 0x00000007c0000000, 0x00000007c0000000)
  eden space 38912K, 0% used [0x00000007bc400000,0x00000007bc400000,0x00000007bea00000)
  from space 10240K, 99% used [0x00000007bea00000,0x00000007bf3f91b0,0x00000007bf400000)
  to   space 12288K, 0% used [0x00000007bf400000,0x00000007bf400000,0x00000007c0000000)
 ParOldGen       total 264704K, used 101886K [0x0000000700000000, 0x0000000710280000, 0x00000007bc400000)
  object space 264704K, 38% used [0x0000000700000000,0x000000070637fa58,0x0000000710280000)
 Metaspace       used 69895K, capacity 70272K, committed 70872K, reserved 1110016K
  class space    used 9557K, capacity 9676K, committed 9728K, reserved 1048576K
Event: 15119.383 GC heap after
Heap after GC invocations=1226 (full 239):
 PSYoungGen      total 49152K, used 0K [0x00000007bc400000, 0x00000007c0000000, 0x00000007c0000000)
  eden space 38912K, 0% used [0x00000007bc400000,0x00000007bc400000,0x00000007bea00000)
  from space 10240K, 0% used [0x00000007bea00000,0x00000007bea00000,0x00000007bf400000)
  to   space 12288K, 0% used [0x00000007bf400000,0x00000007bf400000,0x00000007c0000000)
 ParOldGen       total 264704K, used 105091K [0x0000000700000000, 0x0000000710280000, 0x00000007bc400000)
  object space 264704K, 39% used [0x0000000700000000,0x00000007066a0ef0,0x0000000710280000)
 Metaspace       used 69895K, capacity 70272K, committed 70872K, reserved 1110016K
  class space    used 9557K, capacity 9676K, committed 9728K, reserved 1048576K
}
Event: 15125.899 GC heap before
{Heap before GC invocations=1227 (full 239):
 PSYoungGen      total 49152K, used 38912K [0x00000007bc400000, 0x00000007c0000000, 0x00000007c0000000)
  eden space 38912K, 100% used [0x00000007bc400000,0x00000007bea00000,0x00000007bea00000)
  from space 10240K, 0% used [0x00000007bea00000,0x00000007bea00000,0x00000007bf400000)
  to   space 12288K, 0% used [0x00000007bf400000,0x00000007bf400000,0x00000007c0000000)
 ParOldGen       total 264704K, used 105091K [0x0000000700000000, 0x0000000710280000, 0x00000007bc400000)
  object space 264704K, 39% used [0x0000000700000000,0x00000007066a0ef0,0x0000000710280000)
 Metaspace       used 69897K, capacity 70272K, committed 70872K, reserved 1110016K
  class space    used 9557K, capacity 9676K, committed 9728K, reserved 1048576K
Event: 15125.914 GC heap after
Heap after GC invocations=1227 (full 239):
 PSYoungGen      total 49152K, used 4682K [0x00000007bc400000, 0x00000007c0000000, 0x00000007c0000000)
  eden space 36864K, 0% used [0x00000007bc400000,0x00000007bc400000,0x00000007be800000)
  from space 12288K, 38% used [0x00000007bf400000,0x00000007bf8928e0,0x00000007c0000000)
  to   space 12288K, 0% used [0x00000007be800000,0x00000007be800000,0x00000007bf400000)
 ParOldGen       total 264704K, used 105091K [0x0000000700000000, 0x0000000710280000, 0x00000007bc400000)
  object space 264704K, 39% used [0x0000000700000000,0x00000007066a0ef0,0x0000000710280000)
 Metaspace       used 69897K, capacity 70272K, committed 70872K, reserved 1110016K
  class space    used 9557K, capacity 9676K, committed 9728K, reserved 1048576K
}
Event: 15133.411 GC heap before
{Heap before GC invocations=1228 (full 239):
 PSYoungGen      total 49152K, used 41546K [0x00000007bc400000, 0x00000007c0000000, 0x00000007c0000000)
  eden space 36864K, 100% used [0x00000007bc400000,0x00000007be800000,0x00000007be800000)
  from space 12288K, 38% used [0x00000007bf400000,0x00000007bf8928e0,0x00000007c0000000)
  to   space 12288K, 0% used [0x00000007be800000,0x00000007be800000,0x00000007bf400000)
 ParOldGen       total 264704K, used 105091K [0x0000000700000000, 0x0000000710280000, 0x00000007bc400000)
  object space 264704K, 39% used [0x0000000700000000,0x00000007066a0ef0,0x0000000710280000)
 Metaspace       used 69903K, capacity 70272K, committed 70872K, reserved 1110016K
  class space    used 9557K, capacity 9676K, committed 9728K, reserved 1048576K
Event: 15133.419 GC heap after
Heap after GC invocations=1228 (full 239):
 PSYoungGen      total 49152K, used 3402K [0x00000007bc400000, 0x00000007c0000000, 0x00000007c0000000)
  eden space 36864K, 0% used [0x00000007bc400000,0x00000007bc400000,0x00000007be800000)
  from space 12288K, 27% used [0x00000007be800000,0x00000007beb528b8,0x00000007bf400000)
  to   space 12288K, 0% used [0x00000007bf400000,0x00000007bf400000,0x00000007c0000000)
 ParOldGen       total 264704K, used 105091K [0x0000000700000000, 0x0000000710280000, 0x00000007bc400000)
  object space 264704K, 39% used [0x0000000700000000,0x00000007066a0ef0,0x0000000710280000)
 Metaspace       used 69903K, capacity 70272K, committed 70872K, reserved 1110016K
  class space    used 9557K, capacity 9676K, committed 9728K, reserved 1048576K
}
Event: 15135.857 GC heap before
{Heap before GC invocations=1229 (full 239):
 PSYoungGen      total 49152K, used 40266K [0x00000007bc400000, 0x00000007c0000000, 0x00000007c0000000)
  eden space 36864K, 100% used [0x00000007bc400000,0x00000007be800000,0x00000007be800000)
  from space 12288K, 27% used [0x00000007be800000,0x00000007beb528b8,0x00000007bf400000)
  to   space 12288K, 0% used [0x00000007bf400000,0x00000007bf400000,0x00000007c0000000)
 ParOldGen       total 264704K, used 105091K [0x0000000700000000, 0x0000000710280000, 0x00000007bc400000)
  object space 264704K, 39% used [0x0000000700000000,0x00000007066a0ef0,0x0000000710280000)
 Metaspace       used 69977K, capacity 70432K, committed 71128K, reserved 1110016K
  class space    used 9589K, capacity 9708K, committed 9728K, reserved 1048576K
Event: 15135.869 GC heap after
Heap after GC invocations=1229 (full 239):
 PSYoungGen      total 49152K, used 4695K [0x00000007bc400000, 0x00000007c0000000, 0x00000007c0000000)
  eden space 36864K, 0% used [0x00000007bc400000,0x00000007bc400000,0x00000007be800000)
  from space 12288K, 38% used [0x00000007bf400000,0x00000007bf895e58,0x00000007c0000000)
  to   space 12288K, 0% used [0x00000007be800000,0x00000007be800000,0x00000007bf400000)
 ParOldGen       total 264704K, used 105091K [0x0000000700000000, 0x0000000710280000, 0x00000007bc400000)
  object space 264704K, 39% used [0x0000000700000000,0x00000007066a0ef0,0x0000000710280000)
 Metaspace       used 69977K, capacity 70432K, committed 71128K, reserved 1110016K
  class space    used 9589K, capacity 9708K, committed 9728K, reserved 1048576K
}

